<?xml version="1.0" encoding="utf-8"?><testsuites name="pytest tests"><testsuite name="pytest" errors="0" failures="0" skipped="0" tests="65" time="4.555" timestamp="2026-02-04T13:31:04.737750+00:00" hostname="4a0a94fd5af1"><testcase classname="tests.test_config.TestParseOnedataUrl" name="test_basic_url" time="1.082" /><testcase classname="tests.test_config.TestParseOnedataUrl" name="test_url_with_query_params" time="0.000" /><testcase classname="tests.test_config.TestParseOnedataUrl" name="test_url_without_path" time="0.000" /><testcase classname="tests.test_config.TestParseOnedataUrl" name="test_invalid_protocol" time="0.001" /><testcase classname="tests.test_config.TestParseOnedataUrl" name="test_missing_token" time="0.001" /><testcase classname="tests.test_config.TestParseOnedataUrl" name="test_missing_host" time="0.001" /><testcase classname="tests.test_config.TestGetOnedataConfigFromEnv" name="test_all_env_vars_set" time="0.000" /><testcase classname="tests.test_config.TestGetOnedataConfigFromEnv" name="test_no_env_vars_set" time="0.000" /><testcase classname="tests.test_config.TestGetOnedataConfigFromEnv" name="test_partial_env_vars_set" time="0.000" /><testcase classname="tests.test_config.TestMergeConfig" name="test_merge_priority" time="0.000" /><testcase classname="tests.test_config.TestMergeConfig" name="test_merge_with_none_values" time="0.000" /><testcase classname="tests.test_config.TestMergeConfig" name="test_merge_empty_configs" time="0.000" /><testcase classname="tests.test_core.TestOnedataFileSystem" name="test_init_with_valid_params" time="1.062" /><testcase classname="tests.test_core.TestOnedataFileSystem" name="test_init_missing_params" time="0.001" /><testcase classname="tests.test_core.TestOnedataFileSystem" name="test_split_onedata_path" time="0.001" /><testcase classname="tests.test_core.TestOnedataFileSystem" name="test_ls_root" time="0.001" /><testcase classname="tests.test_core.TestOnedataFileSystem" name="test_ls_space_directory" time="0.001" /><testcase classname="tests.test_core.TestOnedataFileSystem" name="test_info" time="0.001" /><testcase classname="tests.test_core.TestOnedataFileSystem" name="test_info_not_found" time="0.001" /><testcase classname="tests.test_core.TestOnedataFileSystem" name="test_cat_file" time="0.001" /><testcase classname="tests.test_core.TestOnedataFileSystem" name="test_cat_file_with_range" time="0.001" /><testcase classname="tests.test_core.TestOnedataFileSystem" name="test_exists" time="0.001" /><testcase classname="tests.test_core.TestOnedataFileSystem" name="test_isdir" time="0.001" /><testcase classname="tests.test_core.TestOnedataFileSystem" name="test_isfile" time="0.001" /><testcase classname="tests.test_core.TestOnedataFileSystem" name="test_size" time="0.001" /><testcase classname="tests.test_core.TestOnedataFileSystem" name="test_makedirs" time="0.001" /><testcase classname="tests.test_core.TestOnedataFileSystem" name="test_rm_file" time="0.001" /><testcase classname="tests.test_core.TestOnedataFileSystem" name="test_rm_file_not_found" time="0.001" /><testcase classname="tests.test_core.TestOnedataFileSystem" name="test_put_file" time="0.003" /><testcase classname="tests.test_core.TestOnedataFileSystem" name="test_get_file" time="0.001" /><testcase classname="tests.test_core.TestOnedataFileSystem" name="test_cp_file" time="0.001" /><testcase classname="tests.test_core.TestOnedataFile" name="test_init_read_mode" time="0.001" /><testcase classname="tests.test_core.TestOnedataFile" name="test_fetch_range" time="0.001" /><testcase classname="tests.test_core.TestOnedataFile" name="test_upload_chunk" time="0.003" /><testcase classname="tests.test_onedatafsspec" name="test_file_operations_integration" time="1.160" /><testcase classname="tests.test_onedatafsspec" name="test_directory_operations_integration" time="0.064" /><testcase classname="tests.test_onedatafsspec" name="test_filesystem_info_integration" time="0.002" /><testcase classname="tests.test_utils.TestNormalizeOnedataPath" name="test_basic_path" time="1.063" /><testcase classname="tests.test_utils.TestNormalizeOnedataPath" name="test_path_with_leading_slash" time="0.000" /><testcase classname="tests.test_utils.TestNormalizeOnedataPath" name="test_path_with_protocol" time="0.000" /><testcase classname="tests.test_utils.TestNormalizeOnedataPath" name="test_path_with_dots" time="0.000" /><testcase classname="tests.test_utils.TestNormalizeOnedataPath" name="test_empty_path" time="0.000" /><testcase classname="tests.test_utils.TestNormalizeOnedataPath" name="test_root_path" time="0.000" /><testcase classname="tests.test_utils.TestNormalizeOnedataPath" name="test_url_encoded_path" time="0.000" /><testcase classname="tests.test_utils.TestSplitOnedataPath" name="test_space_only" time="0.000" /><testcase classname="tests.test_utils.TestSplitOnedataPath" name="test_space_with_file" time="0.000" /><testcase classname="tests.test_utils.TestSplitOnedataPath" name="test_root_path" time="0.000" /><testcase classname="tests.test_utils.TestSplitOnedataPath" name="test_empty_path" time="0.000" /><testcase classname="tests.test_utils.TestSplitOnedataPath" name="test_no_leading_slash" time="0.000" /><testcase classname="tests.test_utils.TestJoinOnedataPath" name="test_space_only" time="0.000" /><testcase classname="tests.test_utils.TestJoinOnedataPath" name="test_space_with_file" time="0.000" /><testcase classname="tests.test_utils.TestJoinOnedataPath" name="test_empty_space" time="0.000" /><testcase classname="tests.test_utils.TestJoinOnedataPath" name="test_none_file_path" time="0.000" /><testcase classname="tests.test_utils.TestValidateOnedataPath" name="test_valid_paths" time="0.000" /><testcase classname="tests.test_utils.TestValidateOnedataPath" name="test_invalid_paths" time="0.000" /><testcase classname="tests.test_utils.TestGetParentPath" name="test_file_path" time="0.000" /><testcase classname="tests.test_utils.TestGetParentPath" name="test_directory_path" time="0.000" /><testcase classname="tests.test_utils.TestGetParentPath" name="test_space_path" time="0.000" /><testcase classname="tests.test_utils.TestGetParentPath" name="test_root_path" time="0.000" /><testcase classname="tests.test_utils.TestGetParentPath" name="test_nested_path" time="0.000" /><testcase classname="tests.test_utils.TestGetBasename" name="test_file_basename" time="0.000" /><testcase classname="tests.test_utils.TestGetBasename" name="test_directory_basename" time="0.000" /><testcase classname="tests.test_utils.TestGetBasename" name="test_space_basename" time="0.000" /><testcase classname="tests.test_utils.TestGetBasename" name="test_root_basename" time="0.000" /><testcase classname="tests.test_utils.TestGetBasename" name="test_no_slash_basename" time="0.000" /></testsuite></testsuites>